c:\users\nti\documents\visual studio 2015\projects\spaceinvaders\spaceinvaders\x64\release\vc140.pdb
c:\users\nti\documents\visual studio 2015\projects\spaceinvaders\spaceinvaders\x64\release\spaceinvader.obj
c:\users\nti\documents\visual studio 2015\projects\spaceinvaders\spaceinvaders\x64\release\player.obj
c:\users\nti\documents\visual studio 2015\projects\spaceinvaders\spaceinvaders\x64\release\networkhandler.obj
c:\users\nti\documents\visual studio 2015\projects\spaceinvaders\spaceinvaders\x64\release\menuscreen.obj
c:\users\nti\documents\visual studio 2015\projects\spaceinvaders\spaceinvaders\x64\release\main.obj
c:\users\nti\documents\visual studio 2015\projects\spaceinvaders\spaceinvaders\x64\release\inputhandler.obj
c:\users\nti\documents\visual studio 2015\projects\spaceinvaders\spaceinvaders\x64\release\gameobject.obj
c:\users\nti\documents\visual studio 2015\projects\spaceinvaders\spaceinvaders\x64\release\button.obj
c:\users\nti\documents\visual studio 2015\projects\spaceinvaders\spaceinvaders\x64\release\bullet.obj
c:\users\nti\documents\visual studio 2015\projects\spaceinvaders\spaceinvaders\x64\release\alienhandler.obj
c:\users\nti\documents\visual studio 2015\projects\spaceinvaders\spaceinvaders\x64\release\alien.obj
c:\users\nti\documents\visual studio 2015\projects\spaceinvaders\x64\release\spaceinvaders.exe
c:\users\nti\documents\visual studio 2015\projects\spaceinvaders\x64\release\spaceinvaders.ipdb
c:\users\nti\documents\visual studio 2015\projects\spaceinvaders\x64\release\spaceinvaders.iobj
c:\users\nti\documents\visual studio 2015\projects\spaceinvaders\x64\release\spaceinvaders.pdb
c:\users\nti\documents\visual studio 2015\projects\spaceinvaders\x64\release\spaceinvaders.lib
c:\users\nti\documents\visual studio 2015\projects\spaceinvaders\x64\release\spaceinvaders.exp
c:\users\nti\documents\visual studio 2015\projects\spaceinvaders\spaceinvaders\x64\release\spaceinvaders.tlog\cl.command.1.tlog
c:\users\nti\documents\visual studio 2015\projects\spaceinvaders\spaceinvaders\x64\release\spaceinvaders.tlog\cl.read.1.tlog
c:\users\nti\documents\visual studio 2015\projects\spaceinvaders\spaceinvaders\x64\release\spaceinvaders.tlog\cl.write.1.tlog
c:\users\nti\documents\visual studio 2015\projects\spaceinvaders\spaceinvaders\x64\release\spaceinvaders.tlog\link.command.1.tlog
c:\users\nti\documents\visual studio 2015\projects\spaceinvaders\spaceinvaders\x64\release\spaceinvaders.tlog\link.read.1.tlog
c:\users\nti\documents\visual studio 2015\projects\spaceinvaders\spaceinvaders\x64\release\spaceinvaders.tlog\link.write.1.tlog
c:\users\nti\documents\visual studio 2015\projects\spaceinvaders\spaceinvaders\x64\release\spaceinvaders.tlog\spaceinvaders.write.1u.tlog
