c:\users\nti\documents\visual studio 2015\projects\spaceinvaders\spaceinvaders\debug\vc140.pdb
c:\users\nti\documents\visual studio 2015\projects\spaceinvaders\spaceinvaders\debug\vc140.idb
c:\users\nti\documents\visual studio 2015\projects\spaceinvaders\spaceinvaders\debug\alien.obj
c:\users\nti\documents\visual studio 2015\projects\spaceinvaders\spaceinvaders\debug\alienhandler.obj
c:\users\nti\documents\visual studio 2015\projects\spaceinvaders\spaceinvaders\debug\bullet.obj
c:\users\nti\documents\visual studio 2015\projects\spaceinvaders\spaceinvaders\debug\button.obj
c:\users\nti\documents\visual studio 2015\projects\spaceinvaders\spaceinvaders\debug\gameobject.obj
c:\users\nti\documents\visual studio 2015\projects\spaceinvaders\spaceinvaders\debug\inputhandler.obj
c:\users\nti\documents\visual studio 2015\projects\spaceinvaders\spaceinvaders\debug\main.obj
c:\users\nti\documents\visual studio 2015\projects\spaceinvaders\spaceinvaders\debug\menuscreen.obj
c:\users\nti\documents\visual studio 2015\projects\spaceinvaders\spaceinvaders\debug\networkhandler.obj
c:\users\nti\documents\visual studio 2015\projects\spaceinvaders\spaceinvaders\debug\player.obj
c:\users\nti\documents\visual studio 2015\projects\spaceinvaders\spaceinvaders\debug\spaceinvader.obj
c:\users\nti\documents\visual studio 2015\projects\spaceinvaders\debug\spaceinvaders.pdb
c:\users\nti\documents\visual studio 2015\projects\spaceinvaders\spaceinvaders\debug\spaceinvaders.tlog\cl.command.1.tlog
c:\users\nti\documents\visual studio 2015\projects\spaceinvaders\spaceinvaders\debug\spaceinvaders.tlog\cl.read.1.tlog
c:\users\nti\documents\visual studio 2015\projects\spaceinvaders\spaceinvaders\debug\spaceinvaders.tlog\cl.write.1.tlog
c:\users\nti\documents\visual studio 2015\projects\spaceinvaders\spaceinvaders\debug\spaceinvaders.tlog\link-cvtres.read.1.tlog
c:\users\nti\documents\visual studio 2015\projects\spaceinvaders\spaceinvaders\debug\spaceinvaders.tlog\link-cvtres.write.1.tlog
c:\users\nti\documents\visual studio 2015\projects\spaceinvaders\spaceinvaders\debug\spaceinvaders.tlog\link-rc.read.1.tlog
c:\users\nti\documents\visual studio 2015\projects\spaceinvaders\spaceinvaders\debug\spaceinvaders.tlog\link-rc.write.1.tlog
c:\users\nti\documents\visual studio 2015\projects\spaceinvaders\spaceinvaders\debug\spaceinvaders.tlog\link.command.1.tlog
c:\users\nti\documents\visual studio 2015\projects\spaceinvaders\spaceinvaders\debug\spaceinvaders.tlog\link.read.1.tlog
c:\users\nti\documents\visual studio 2015\projects\spaceinvaders\spaceinvaders\debug\spaceinvaders.tlog\link.write.1.tlog
