c:\users\nti\documents\visual studio 2015\projects\spaceinvaders\spaceinvaders\x64\debug\vc140.pdb
c:\users\nti\documents\visual studio 2015\projects\spaceinvaders\spaceinvaders\x64\debug\vc140.idb
c:\users\nti\documents\visual studio 2015\projects\spaceinvaders\spaceinvaders\x64\debug\alien.obj
c:\users\nti\documents\visual studio 2015\projects\spaceinvaders\spaceinvaders\x64\debug\alienhandler.obj
c:\users\nti\documents\visual studio 2015\projects\spaceinvaders\spaceinvaders\x64\debug\bullet.obj
c:\users\nti\documents\visual studio 2015\projects\spaceinvaders\spaceinvaders\x64\debug\button.obj
c:\users\nti\documents\visual studio 2015\projects\spaceinvaders\spaceinvaders\x64\debug\gameobject.obj
c:\users\nti\documents\visual studio 2015\projects\spaceinvaders\spaceinvaders\x64\debug\inputhandler.obj
c:\users\nti\documents\visual studio 2015\projects\spaceinvaders\spaceinvaders\x64\debug\main.obj
c:\users\nti\documents\visual studio 2015\projects\spaceinvaders\spaceinvaders\x64\debug\menuscreen.obj
c:\users\nti\documents\visual studio 2015\projects\spaceinvaders\spaceinvaders\x64\debug\networkhandler.obj
c:\users\nti\documents\visual studio 2015\projects\spaceinvaders\spaceinvaders\x64\debug\player.obj
c:\users\nti\documents\visual studio 2015\projects\spaceinvaders\spaceinvaders\x64\debug\spaceinvader.obj
c:\users\nti\documents\visual studio 2015\projects\spaceinvaders\x64\debug\spaceinvaders.ilk
c:\users\nti\documents\visual studio 2015\projects\spaceinvaders\x64\debug\spaceinvaders.exe
c:\users\nti\documents\visual studio 2015\projects\spaceinvaders\x64\debug\spaceinvaders.pdb
c:\users\nti\documents\visual studio 2015\projects\spaceinvaders\x64\debug\spaceinvaders.lib
c:\users\nti\documents\visual studio 2015\projects\spaceinvaders\x64\debug\spaceinvaders.exp
c:\users\nti\desktop\davidhoskins-m9a1\spaceinvaders\spaceinvaders\x64\debug\alien.obj
c:\users\nti\desktop\davidhoskins-m9a1\spaceinvaders\spaceinvaders\x64\debug\alienhandler.obj
c:\users\nti\desktop\davidhoskins-m9a1\spaceinvaders\spaceinvaders\x64\debug\bullet.obj
c:\users\nti\desktop\davidhoskins-m9a1\spaceinvaders\spaceinvaders\x64\debug\button.obj
c:\users\nti\desktop\davidhoskins-m9a1\spaceinvaders\spaceinvaders\x64\debug\gameobject.obj
c:\users\nti\desktop\davidhoskins-m9a1\spaceinvaders\spaceinvaders\x64\debug\inputhandler.obj
c:\users\nti\desktop\davidhoskins-m9a1\spaceinvaders\spaceinvaders\x64\debug\main.obj
c:\users\nti\desktop\davidhoskins-m9a1\spaceinvaders\spaceinvaders\x64\debug\menuscreen.obj
c:\users\nti\desktop\davidhoskins-m9a1\spaceinvaders\spaceinvaders\x64\debug\networkhandler.obj
c:\users\nti\desktop\davidhoskins-m9a1\spaceinvaders\spaceinvaders\x64\debug\player.obj
c:\users\nti\desktop\davidhoskins-m9a1\spaceinvaders\spaceinvaders\x64\debug\spaceinvader.obj
c:\users\nti\desktop\davidhoskins-m9a1\spaceinvaders\spaceinvaders\x64\debug\vc140.idb
c:\users\nti\desktop\davidhoskins-m9a1\spaceinvaders\spaceinvaders\x64\debug\vc140.pdb
c:\users\nti\desktop\davidhoskins-m9a1\spaceinvaders\spaceinvaders\x64\debug\spaceinvaders.tlog\cl.command.1.tlog
c:\users\nti\desktop\davidhoskins-m9a1\spaceinvaders\spaceinvaders\x64\debug\spaceinvaders.tlog\cl.read.1.tlog
c:\users\nti\desktop\davidhoskins-m9a1\spaceinvaders\spaceinvaders\x64\debug\spaceinvaders.tlog\cl.write.1.tlog
c:\users\nti\desktop\davidhoskins-m9a1\spaceinvaders\spaceinvaders\x64\debug\spaceinvaders.tlog\link.command.1.tlog
c:\users\nti\desktop\davidhoskins-m9a1\spaceinvaders\spaceinvaders\x64\debug\spaceinvaders.tlog\link.read.1.tlog
c:\users\nti\desktop\davidhoskins-m9a1\spaceinvaders\spaceinvaders\x64\debug\spaceinvaders.tlog\link.write.1.tlog
c:\users\nti\desktop\davidhoskins-m9a1\spaceinvaders\spaceinvaders\x64\debug\spaceinvaders.tlog\spaceinvaders.write.1u.tlog
